<?xml version="1.0" encoding="UTF-8"?>
<!-- Generated by org.testng.reporters.JUnitReportReporter -->
<testsuite skipped="0" hostname="Jayashrees-MacBook-Air.local" name="MavenE2EJayashree.E2EProject.HomePage" tests="4" failures="0" timestamp="2021-01-13T16:59:45 IST" time="28.099" errors="0">
  <testcase name="base1PageNavigation" time="9.933" classname="MavenE2EJayashree.E2EProject.HomePage"/>
  <system-out/>
  <testcase name="base1PageNavigation" time="5.983" classname="MavenE2EJayashree.E2EProject.HomePage"/>
  <system-out/>
  <testcase name="base1PageNavigation" time="7.040" classname="MavenE2EJayashree.E2EProject.HomePage"/>
  <system-out/>
  <testcase name="base1PageNavigation" time="5.143" classname="MavenE2EJayashree.E2EProject.HomePage"/>
  <system-out/>
</testsuite> <!-- MavenE2EJayashree.E2EProject.HomePage -->
