<?xml version="1.0" encoding="UTF-8"?>
<!-- Generated by org.testng.reporters.JUnitReportReporter -->
<testsuite skipped="0" hostname="Jayashrees-MacBook-Air.local" name="resources.Base" tests="1" failures="0" timestamp="2020-11-20T10:41:06 IST" time="0.011" errors="0">
  <testcase name="getScreenShotPath" time="0.011" classname="resources.Base"/>
  <system-out/>
</testsuite> <!-- resources.Base -->
