<?xml version="1.0" encoding="UTF-8"?>
<!-- Generated by org.testng.reporters.JUnitReportReporter -->
<testsuite skipped="0" hostname="Jayashrees-MacBook-Air.local" name="MavenE2EJayashree.E2EProject.forgotPassword_Page" tests="1" failures="0" timestamp="2020-11-23T11:59:00 IST" time="4.317" errors="0">
  <testcase name="access_Fgtpwd_link" time="4.317" classname="MavenE2EJayashree.E2EProject.forgotPassword_Page"/>
  <system-out/>
</testsuite> <!-- MavenE2EJayashree.E2EProject.forgotPassword_Page -->
