<?xml version="1.0" encoding="UTF-8"?>
<!-- Generated by org.testng.reporters.JUnitReportReporter -->
<testsuite skipped="0" hostname="Jayashrees-MacBook-Air.local" name="MavenE2EJayashree.E2EProject.gettingAAPLData" tests="1" failures="0" timestamp="2020-12-29T11:17:06 IST" time="32.427" errors="0">
  <testcase name="sixmonthsData" time="32.427" classname="MavenE2EJayashree.E2EProject.gettingAAPLData"/>
  <system-out/>
</testsuite> <!-- MavenE2EJayashree.E2EProject.gettingAAPLData -->
