<?xml version="1.0" encoding="UTF-8"?>
<!-- Generated by org.testng.reporters.JUnitReportReporter -->
<testsuite skipped="0" hostname="Jayashrees-MacBook-Air.local" name="MavenE2EJayashree.E2EProject.AppTest" tests="1" failures="0" timestamp="2020-11-19T19:55:56 IST" time="0.004" errors="0">
  <testcase name="shouldAnswerWithTrue" time="0.004" classname="MavenE2EJayashree.E2EProject.AppTest"/>
  <system-out/>
</testsuite> <!-- MavenE2EJayashree.E2EProject.AppTest -->
